
> web@1.0.0 build E:\programming\practice\my-turborepo\apps\web
> next build

- info Creating an optimized production build...
- info Compiled successfully
- info Linting and checking validity of types...
- error ESLint: Failed to load config "custom" to extend from. Referenced from: E:\programming\practice\my-turborepo\apps\web\.eslintrc.js
- info Collecting page data...
- info Generating static pages (0/4)
- info Generating static pages (1/4)
- info Generating static pages (2/4)
- info Generating static pages (3/4)
- info Generating static pages (4/4)
- info Finalizing page optimization...

Route (app)                                Size     First Load JS
┌ ○ /                                      137 B            77 kB
└ ○ /favicon.ico                           0 B                0 B
+ First Load JS shared by all              76.8 kB
  ├ chunks/5150994f-90e0a7b367246cc6.js    50.5 kB
  ├ chunks/638-6d16970b5a548619.js         24.4 kB
  ├ chunks/main-app-f8721066c113c741.js    216 B
  └ chunks/webpack-83af01b75b0c3c94.js     1.64 kB

Route (pages)                              Size     First Load JS
─ ○ /404                                   179 B          85.9 kB
+ First Load JS shared by all              85.7 kB
  ├ chunks/main-3a04c65d2ee0d43c.js        83.9 kB
  ├ chunks/pages/_app-b94a672ae654c453.js  192 B
  └ chunks/webpack-83af01b75b0c3c94.js     1.64 kB

○  (Static)  automatically rendered as static HTML (uses no initial props)

